Using pre-set license
Built from '2020.3/release' branch; Version is '2020.3.7f1 (dd97f2c94397) revision 14522354'; Using compiler version '192528614'; Build Type 'Release'
OS: 'Windows 10 Pro; OS build 19042.985; Version 2009; 64bit' Language: 'en' Physical Memory: 16277 MB
BatchMode: 1, IsHumanControllingUs: 0, StartBugReporterOnCrash: 0, Is64bit: 1, IsPro: 0

 COMMAND LINE ARGUMENTS:
E:\Programs\UnityEditors\2020.3.7f1\Editor\Unity.exe
-adb2
-batchMode
-noUpm
-name
AssetImportWorker0
-projectPath
E:/GameDev/Mayus_Lantern/Mayus_Lantern/MayusLantern
-logFile
Logs/AssetImportWorker0.log
-srvPort
54986
Successfully changed project path to: E:/GameDev/Mayus_Lantern/Mayus_Lantern/MayusLantern
E:/GameDev/Mayus_Lantern/Mayus_Lantern/MayusLantern
Using Asset Import Pipeline V2.
Refreshing native plugins compatible for Editor in 71.94 ms, found 0 plugins.
Preloading 0 native plugins for Editor in 0.00 ms.
Initialize engine version: 2020.3.7f1 (dd97f2c94397)
[Subsystems] Discovering subsystems at path E:/Programs/UnityEditors/2020.3.7f1/Editor/Data/Resources/UnitySubsystems
[Subsystems] Discovering subsystems at path E:/GameDev/Mayus_Lantern/Mayus_Lantern/MayusLantern/Assets
GfxDevice: creating device client; threaded=0
Direct3D:
    Version:  Direct3D 11.0 [level 11.1]
    Renderer: NVIDIA GeForce GTX 1660 Ti (ID=0x2182)
    Vendor:   
    VRAM:     5991 MB
    Driver:   27.21.14.6140
Initialize mono
Mono path[0] = 'E:/Programs/UnityEditors/2020.3.7f1/Editor/Data/Managed'
Mono path[1] = 'E:/Programs/UnityEditors/2020.3.7f1/Editor/Data/MonoBleedingEdge/lib/mono/unityjit'
Mono config path = 'E:/Programs/UnityEditors/2020.3.7f1/Editor/Data/MonoBleedingEdge/etc'
Using monoOptions --debugger-agent=transport=dt_socket,embedding=1,server=y,suspend=n,address=127.0.0.1:56388
Begin MonoManager ReloadAssembly
Registering precompiled unity dll's ...
Register platform support module: E:/Programs/UnityEditors/2020.3.7f1/Editor/Data/PlaybackEngines/WebGLSupport/UnityEditor.WebGL.Extensions.dll
Register platform support module: E:/Programs/UnityEditors/2020.3.7f1/Editor/Data/PlaybackEngines/MacStandaloneSupport/UnityEditor.OSXStandalone.Extensions.dll
Register platform support module: E:/Programs/UnityEditors/2020.3.7f1/Editor/Data/PlaybackEngines/WindowsStandaloneSupport/UnityEditor.WindowsStandalone.Extensions.dll
Registered in 0.001057 seconds.
Native extension for WindowsStandalone target not found
Native extension for OSXStandalone target not found
Native extension for WebGL target not found
Refreshing native plugins compatible for Editor in 80.02 ms, found 0 plugins.
Preloading 0 native plugins for Editor in 0.00 ms.
Mono: successfully reloaded assembly
- Completed reload, in  0.752 seconds
Platform modules already initialized, skipping
Registering precompiled user dll's ...
Registered in 0.000850 seconds.
Begin MonoManager ReloadAssembly
Native extension for WindowsStandalone target not found
Native extension for OSXStandalone target not found
Native extension for WebGL target not found
Refreshing native plugins compatible for Editor in 0.89 ms, found 0 plugins.
Preloading 0 native plugins for Editor in 0.00 ms.
Mono: successfully reloaded assembly
- Completed reload, in  0.810 seconds
Platform modules already initialized, skipping
========================================================================
Worker process is ready to serve import requests
Launched and connected shader compiler UnityShaderCompiler.exe after 0.03 seconds
Refreshing native plugins compatible for Editor in 0.92 ms, found 0 plugins.
Preloading 0 native plugins for Editor in 0.00 ms.
Unloading 2812 Unused Serialized files (Serialized files now loaded: 0)
System memory in use before: 235.3 MB.
System memory in use after: 233.6 MB.

Unloading 136 unused Assets to reduce memory usage. Loaded Objects now: 3254.
Total: 3.779100 ms (FindLiveObjects: 0.421600 ms CreateObjectMapping: 0.184300 ms MarkObjects: 1.822700 ms  DeleteObjects: 1.349300 ms)

========================================================================
Received Import Request.
  path: Assets/Assets
  artifactKey: Guid(71835d501a72c0c4789a6cf2b72dda62) Importer(815301076,1909f56bfc062723c751e8b465ee728b)
Start importing Assets/Assets using Guid(71835d501a72c0c4789a6cf2b72dda62) Importer(815301076,1909f56bfc062723c751e8b465ee728b)  -> (artifact id: '100d5a04636bbf1b447e9f85700ab00a') in 0.006992 seconds
  Import took 0.016388 seconds .

========================================================================
Received Import Request.
  Time since last request: 0.892298 seconds.
  path: Assets/Assets/Characters
  artifactKey: Guid(468fe6949496c954cbac56ff496495f9) Importer(815301076,1909f56bfc062723c751e8b465ee728b)
Start importing Assets/Assets/Characters using Guid(468fe6949496c954cbac56ff496495f9) Importer(815301076,1909f56bfc062723c751e8b465ee728b)  -> (artifact id: 'f875538dce9ea26204f03fef338d88cd') in 0.004276 seconds
  Import took 0.013422 seconds .

========================================================================
Received Import Request.
  Time since last request: 0.000673 seconds.
  path: Assets/Assets/Characters
  artifactKey: Guid(468fe6949496c954cbac56ff496495f9) Importer(815301076,1909f56bfc062723c751e8b465ee728b)
Start importing Assets/Assets/Characters using Guid(468fe6949496c954cbac56ff496495f9) Importer(815301076,1909f56bfc062723c751e8b465ee728b)  -> (artifact id: 'f875538dce9ea26204f03fef338d88cd') in 0.001224 seconds
  Import took 0.004573 seconds .

========================================================================
Received Import Request.
  Time since last request: 5.791642 seconds.
  path: Assets/Assets/Characters/Mayu
  artifactKey: Guid(638e47b737db2c1498ecc1844dd08dad) Importer(815301076,1909f56bfc062723c751e8b465ee728b)
Start importing Assets/Assets/Characters/Mayu using Guid(638e47b737db2c1498ecc1844dd08dad) Importer(815301076,1909f56bfc062723c751e8b465ee728b)  -> (artifact id: 'f668e393dd4dd76fa75bc4d6401c84c6') in 0.004208 seconds
  Import took 0.013286 seconds .

========================================================================
Received Import Request.
  Time since last request: 18.676455 seconds.
  path: Assets/Assets/Characters/Mayu/Animations
  artifactKey: Guid(a71f7f56e3ae79646940cdc8a2f74a37) Importer(815301076,1909f56bfc062723c751e8b465ee728b)
Start importing Assets/Assets/Characters/Mayu/Animations using Guid(a71f7f56e3ae79646940cdc8a2f74a37) Importer(815301076,1909f56bfc062723c751e8b465ee728b)  -> (artifact id: 'ec0e744830b0eb5d5e65aa8f16dd8207') in 0.004128 seconds
  Import took 0.013459 seconds .

========================================================================
Received Import Request.
  Time since last request: 9.246549 seconds.
  path: Assets/Assets/Characters/Mayu/MayuAnimController.controller
  artifactKey: Guid(790eb1ab21d436a4797b2d9227f4d1b0) Importer(815301076,1909f56bfc062723c751e8b465ee728b)
Start importing Assets/Assets/Characters/Mayu/MayuAnimController.controller using Guid(790eb1ab21d436a4797b2d9227f4d1b0) Importer(815301076,1909f56bfc062723c751e8b465ee728b)  -> (artifact id: '123053e502b4c88b48a20c965ee5a2b3') in 0.027423 seconds
  Import took 0.031462 seconds .

========================================================================
Received Prepare
Registering precompiled user dll's ...
Registered in 0.000932 seconds.
Begin MonoManager ReloadAssembly
Native extension for WindowsStandalone target not found
Native extension for OSXStandalone target not found
Native extension for WebGL target not found
Refreshing native plugins compatible for Editor in 0.80 ms, found 0 plugins.
Preloading 0 native plugins for Editor in 0.00 ms.
Mono: successfully reloaded assembly
- Completed reload, in  0.748 seconds
Platform modules already initialized, skipping
Refreshing native plugins compatible for Editor in 0.81 ms, found 0 plugins.
Preloading 0 native plugins for Editor in 0.00 ms.
Unloading 2632 Unused Serialized files (Serialized files now loaded: 0)
System memory in use before: 218.0 MB.
System memory in use after: 216.3 MB.

Unloading 130 unused Assets to reduce memory usage. Loaded Objects now: 3258.
Total: 3.179500 ms (FindLiveObjects: 0.269100 ms CreateObjectMapping: 0.118200 ms MarkObjects: 1.602700 ms  DeleteObjects: 1.188800 ms)

========================================================================
Received Prepare
Registering precompiled user dll's ...
Registered in 0.001021 seconds.
Begin MonoManager ReloadAssembly
Native extension for WindowsStandalone target not found
Native extension for OSXStandalone target not found
Native extension for WebGL target not found
Refreshing native plugins compatible for Editor in 0.84 ms, found 0 plugins.
Preloading 0 native plugins for Editor in 0.00 ms.
Mono: successfully reloaded assembly
- Completed reload, in  0.781 seconds
Platform modules already initialized, skipping
Refreshing native plugins compatible for Editor in 0.83 ms, found 0 plugins.
Preloading 0 native plugins for Editor in 0.00 ms.
Unloading 2631 Unused Serialized files (Serialized files now loaded: 0)
System memory in use before: 218.0 MB.
System memory in use after: 216.4 MB.

Unloading 130 unused Assets to reduce memory usage. Loaded Objects now: 3261.
Total: 3.371400 ms (FindLiveObjects: 0.307000 ms CreateObjectMapping: 0.155000 ms MarkObjects: 1.544800 ms  DeleteObjects: 1.363700 ms)

========================================================================
Received Prepare
Registering precompiled user dll's ...
Registered in 0.001308 seconds.
Begin MonoManager ReloadAssembly
Native extension for WindowsStandalone target not found
Native extension for OSXStandalone target not found
Native extension for WebGL target not found
Refreshing native plugins compatible for Editor in 0.81 ms, found 0 plugins.
Preloading 0 native plugins for Editor in 0.00 ms.
Mono: successfully reloaded assembly
- Completed reload, in  0.800 seconds
Platform modules already initialized, skipping
Refreshing native plugins compatible for Editor in 0.85 ms, found 0 plugins.
Preloading 0 native plugins for Editor in 0.00 ms.
Unloading 2631 Unused Serialized files (Serialized files now loaded: 0)
System memory in use before: 218.1 MB.
System memory in use after: 216.4 MB.

Unloading 130 unused Assets to reduce memory usage. Loaded Objects now: 3264.
Total: 3.614700 ms (FindLiveObjects: 0.340400 ms CreateObjectMapping: 0.157500 ms MarkObjects: 1.718100 ms  DeleteObjects: 1.397500 ms)

========================================================================
Received Prepare
Registering precompiled user dll's ...
Registered in 0.001009 seconds.
Begin MonoManager ReloadAssembly
Native extension for WindowsStandalone target not found
Native extension for OSXStandalone target not found
Native extension for WebGL target not found
Refreshing native plugins compatible for Editor in 0.81 ms, found 0 plugins.
Preloading 0 native plugins for Editor in 0.00 ms.
Mono: successfully reloaded assembly
- Completed reload, in  0.768 seconds
Platform modules already initialized, skipping
Refreshing native plugins compatible for Editor in 0.84 ms, found 0 plugins.
Preloading 0 native plugins for Editor in 0.00 ms.
Unloading 2631 Unused Serialized files (Serialized files now loaded: 0)
System memory in use before: 218.1 MB.
System memory in use after: 216.4 MB.

Unloading 130 unused Assets to reduce memory usage. Loaded Objects now: 3267.
Total: 3.318700 ms (FindLiveObjects: 0.293300 ms CreateObjectMapping: 0.140900 ms MarkObjects: 1.525100 ms  DeleteObjects: 1.358700 ms)

========================================================================
Received Prepare
Registering precompiled user dll's ...
Registered in 0.001028 seconds.
Begin MonoManager ReloadAssembly
Native extension for WindowsStandalone target not found
Native extension for OSXStandalone target not found
Native extension for WebGL target not found
Refreshing native plugins compatible for Editor in 0.80 ms, found 0 plugins.
Preloading 0 native plugins for Editor in 0.00 ms.
Mono: successfully reloaded assembly
- Completed reload, in  0.764 seconds
Platform modules already initialized, skipping
Refreshing native plugins compatible for Editor in 0.84 ms, found 0 plugins.
Preloading 0 native plugins for Editor in 0.00 ms.
Unloading 2631 Unused Serialized files (Serialized files now loaded: 0)
System memory in use before: 218.1 MB.
System memory in use after: 216.4 MB.

Unloading 130 unused Assets to reduce memory usage. Loaded Objects now: 3270.
Total: 3.568200 ms (FindLiveObjects: 0.317500 ms CreateObjectMapping: 0.137900 ms MarkObjects: 1.723500 ms  DeleteObjects: 1.388600 ms)

========================================================================
Received Prepare
Registering precompiled user dll's ...
Registered in 0.001046 seconds.
Begin MonoManager ReloadAssembly
Native extension for WindowsStandalone target not found
Native extension for OSXStandalone target not found
Native extension for WebGL target not found
Refreshing native plugins compatible for Editor in 0.82 ms, found 0 plugins.
Preloading 0 native plugins for Editor in 0.00 ms.
Mono: successfully reloaded assembly
- Completed reload, in  0.793 seconds
Platform modules already initialized, skipping
Refreshing native plugins compatible for Editor in 0.87 ms, found 0 plugins.
Preloading 0 native plugins for Editor in 0.00 ms.
Unloading 2631 Unused Serialized files (Serialized files now loaded: 0)
System memory in use before: 218.1 MB.
System memory in use after: 216.4 MB.

Unloading 130 unused Assets to reduce memory usage. Loaded Objects now: 3273.
Total: 4.715600 ms (FindLiveObjects: 0.326200 ms CreateObjectMapping: 0.195900 ms MarkObjects: 2.426100 ms  DeleteObjects: 1.765900 ms)

========================================================================
Received Prepare
Registering precompiled user dll's ...
Registered in 0.000966 seconds.
Begin MonoManager ReloadAssembly
Native extension for WindowsStandalone target not found
Native extension for OSXStandalone target not found
Native extension for WebGL target not found
Refreshing native plugins compatible for Editor in 0.86 ms, found 0 plugins.
Preloading 0 native plugins for Editor in 0.00 ms.
Mono: successfully reloaded assembly
- Completed reload, in  0.772 seconds
Platform modules already initialized, skipping
Refreshing native plugins compatible for Editor in 0.91 ms, found 0 plugins.
Preloading 0 native plugins for Editor in 0.00 ms.
Unloading 2631 Unused Serialized files (Serialized files now loaded: 0)
System memory in use before: 218.1 MB.
System memory in use after: 216.4 MB.

Unloading 130 unused Assets to reduce memory usage. Loaded Objects now: 3276.
Total: 3.901800 ms (FindLiveObjects: 0.345600 ms CreateObjectMapping: 0.158200 ms MarkObjects: 1.934100 ms  DeleteObjects: 1.462400 ms)

========================================================================
Received Prepare
Registering precompiled user dll's ...
Registered in 0.000955 seconds.
Begin MonoManager ReloadAssembly
Native extension for WindowsStandalone target not found
Native extension for OSXStandalone target not found
Native extension for WebGL target not found
Refreshing native plugins compatible for Editor in 0.81 ms, found 0 plugins.
Preloading 0 native plugins for Editor in 0.00 ms.
Mono: successfully reloaded assembly
- Completed reload, in  0.760 seconds
Platform modules already initialized, skipping
Refreshing native plugins compatible for Editor in 1.07 ms, found 0 plugins.
Preloading 0 native plugins for Editor in 0.00 ms.
Unloading 2631 Unused Serialized files (Serialized files now loaded: 0)
System memory in use before: 218.1 MB.
System memory in use after: 216.4 MB.

Unloading 130 unused Assets to reduce memory usage. Loaded Objects now: 3279.
Total: 3.735500 ms (FindLiveObjects: 0.412600 ms CreateObjectMapping: 0.173800 ms MarkObjects: 1.662100 ms  DeleteObjects: 1.485800 ms)

========================================================================
Received Prepare
Registering precompiled user dll's ...
Registered in 0.001041 seconds.
Begin MonoManager ReloadAssembly
Native extension for WindowsStandalone target not found
Native extension for OSXStandalone target not found
Native extension for WebGL target not found
Refreshing native plugins compatible for Editor in 0.83 ms, found 0 plugins.
Preloading 0 native plugins for Editor in 0.00 ms.
Mono: successfully reloaded assembly
- Completed reload, in  0.764 seconds
Platform modules already initialized, skipping
Refreshing native plugins compatible for Editor in 1.35 ms, found 0 plugins.
Preloading 0 native plugins for Editor in 0.00 ms.
Unloading 2631 Unused Serialized files (Serialized files now loaded: 0)
System memory in use before: 218.1 MB.
System memory in use after: 216.4 MB.

Unloading 130 unused Assets to reduce memory usage. Loaded Objects now: 3282.
Total: 3.421900 ms (FindLiveObjects: 0.293100 ms CreateObjectMapping: 0.127900 ms MarkObjects: 1.582500 ms  DeleteObjects: 1.417200 ms)

========================================================================
Received Prepare
Registering precompiled user dll's ...
Registered in 0.001025 seconds.
Begin MonoManager ReloadAssembly
Native extension for WindowsStandalone target not found
Native extension for OSXStandalone target not found
Native extension for WebGL target not found
Refreshing native plugins compatible for Editor in 0.88 ms, found 0 plugins.
Preloading 0 native plugins for Editor in 0.00 ms.
Mono: successfully reloaded assembly
- Completed reload, in  0.776 seconds
Platform modules already initialized, skipping
Refreshing native plugins compatible for Editor in 0.84 ms, found 0 plugins.
Preloading 0 native plugins for Editor in 0.00 ms.
Unloading 2631 Unused Serialized files (Serialized files now loaded: 0)
System memory in use before: 218.1 MB.
System memory in use after: 216.5 MB.

Unloading 130 unused Assets to reduce memory usage. Loaded Objects now: 3285.
Total: 4.222800 ms (FindLiveObjects: 0.288500 ms CreateObjectMapping: 0.133100 ms MarkObjects: 2.125800 ms  DeleteObjects: 1.674100 ms)

========================================================================
Received Prepare
Registering precompiled user dll's ...
Registered in 0.005457 seconds.
Begin MonoManager ReloadAssembly
Native extension for WindowsStandalone target not found
Native extension for OSXStandalone target not found
Native extension for WebGL target not found
Refreshing native plugins compatible for Editor in 0.91 ms, found 0 plugins.
Preloading 0 native plugins for Editor in 0.00 ms.
Mono: successfully reloaded assembly
- Completed reload, in  0.792 seconds
Platform modules already initialized, skipping
Refreshing native plugins compatible for Editor in 0.87 ms, found 0 plugins.
Preloading 0 native plugins for Editor in 0.00 ms.
Unloading 2631 Unused Serialized files (Serialized files now loaded: 0)
System memory in use before: 218.1 MB.
System memory in use after: 216.5 MB.

Unloading 130 unused Assets to reduce memory usage. Loaded Objects now: 3288.
Total: 4.124000 ms (FindLiveObjects: 0.449800 ms CreateObjectMapping: 0.219000 ms MarkObjects: 1.937400 ms  DeleteObjects: 1.515700 ms)

========================================================================
Received Prepare
Registering precompiled user dll's ...
Registered in 0.000989 seconds.
Begin MonoManager ReloadAssembly
Native extension for WindowsStandalone target not found
Native extension for OSXStandalone target not found
Native extension for WebGL target not found
Refreshing native plugins compatible for Editor in 0.83 ms, found 0 plugins.
Preloading 0 native plugins for Editor in 0.00 ms.
Mono: successfully reloaded assembly
- Completed reload, in  0.772 seconds
Platform modules already initialized, skipping
Refreshing native plugins compatible for Editor in 0.84 ms, found 0 plugins.
Preloading 0 native plugins for Editor in 0.00 ms.
Unloading 2631 Unused Serialized files (Serialized files now loaded: 0)
System memory in use before: 218.1 MB.
System memory in use after: 216.5 MB.

Unloading 130 unused Assets to reduce memory usage. Loaded Objects now: 3291.
Total: 3.701700 ms (FindLiveObjects: 0.355400 ms CreateObjectMapping: 0.159600 ms MarkObjects: 1.637700 ms  DeleteObjects: 1.547800 ms)

========================================================================
Received Prepare
Registering precompiled user dll's ...
Registered in 0.001003 seconds.
Begin MonoManager ReloadAssembly
Native extension for WindowsStandalone target not found
Native extension for OSXStandalone target not found
Native extension for WebGL target not found
Refreshing native plugins compatible for Editor in 0.81 ms, found 0 plugins.
Preloading 0 native plugins for Editor in 0.00 ms.
Mono: successfully reloaded assembly
- Completed reload, in  0.767 seconds
Platform modules already initialized, skipping
Refreshing native plugins compatible for Editor in 0.86 ms, found 0 plugins.
Preloading 0 native plugins for Editor in 0.00 ms.
Unloading 2631 Unused Serialized files (Serialized files now loaded: 0)
System memory in use before: 218.1 MB.
System memory in use after: 216.5 MB.

Unloading 130 unused Assets to reduce memory usage. Loaded Objects now: 3294.
Total: 3.433800 ms (FindLiveObjects: 0.301600 ms CreateObjectMapping: 0.124400 ms MarkObjects: 1.508700 ms  DeleteObjects: 1.498100 ms)

========================================================================
Received Prepare
Registering precompiled user dll's ...
Registered in 0.001036 seconds.
Begin MonoManager ReloadAssembly
Native extension for WindowsStandalone target not found
Native extension for OSXStandalone target not found
Native extension for WebGL target not found
Refreshing native plugins compatible for Editor in 1.03 ms, found 0 plugins.
Preloading 0 native plugins for Editor in 0.00 ms.
Mono: successfully reloaded assembly
- Completed reload, in  0.809 seconds
Platform modules already initialized, skipping
Refreshing native plugins compatible for Editor in 0.86 ms, found 0 plugins.
Preloading 0 native plugins for Editor in 0.00 ms.
Unloading 2633 Unused Serialized files (Serialized files now loaded: 0)
System memory in use before: 218.2 MB.
System memory in use after: 216.5 MB.

Unloading 130 unused Assets to reduce memory usage. Loaded Objects now: 3299.
Total: 4.001500 ms (FindLiveObjects: 0.590900 ms CreateObjectMapping: 0.213700 ms MarkObjects: 1.726100 ms  DeleteObjects: 1.468900 ms)

========================================================================
Received Prepare
Registering precompiled user dll's ...
Registered in 0.000971 seconds.
Begin MonoManager ReloadAssembly
Native extension for WindowsStandalone target not found
Native extension for OSXStandalone target not found
Native extension for WebGL target not found
Refreshing native plugins compatible for Editor in 0.81 ms, found 0 plugins.
Preloading 0 native plugins for Editor in 0.00 ms.
Mono: successfully reloaded assembly
- Completed reload, in  0.767 seconds
Platform modules already initialized, skipping
Refreshing native plugins compatible for Editor in 0.93 ms, found 0 plugins.
Preloading 0 native plugins for Editor in 0.00 ms.
Unloading 2633 Unused Serialized files (Serialized files now loaded: 0)
System memory in use before: 218.2 MB.
System memory in use after: 216.5 MB.

Unloading 130 unused Assets to reduce memory usage. Loaded Objects now: 3302.
Total: 4.484900 ms (FindLiveObjects: 0.671100 ms CreateObjectMapping: 0.466200 ms MarkObjects: 1.770700 ms  DeleteObjects: 1.575700 ms)

========================================================================
Received Prepare
Registering precompiled user dll's ...
Registered in 0.001087 seconds.
Begin MonoManager ReloadAssembly
Native extension for WindowsStandalone target not found
Native extension for OSXStandalone target not found
Native extension for WebGL target not found
Refreshing native plugins compatible for Editor in 0.90 ms, found 0 plugins.
Preloading 0 native plugins for Editor in 0.00 ms.
Mono: successfully reloaded assembly
- Completed reload, in  0.773 seconds
Platform modules already initialized, skipping
Refreshing native plugins compatible for Editor in 0.84 ms, found 0 plugins.
Preloading 0 native plugins for Editor in 0.00 ms.
Unloading 2633 Unused Serialized files (Serialized files now loaded: 0)
System memory in use before: 218.2 MB.
System memory in use after: 216.5 MB.

Unloading 130 unused Assets to reduce memory usage. Loaded Objects now: 3305.
Total: 4.080700 ms (FindLiveObjects: 0.331400 ms CreateObjectMapping: 0.168000 ms MarkObjects: 1.815000 ms  DeleteObjects: 1.765500 ms)

========================================================================
Received Import Request.
  Time since last request: 12802.917749 seconds.
  path: ProjectSettings/TagManager.asset
  artifactKey: Guid(00000000000000003000000000000000) Importer(815301076,1909f56bfc062723c751e8b465ee728b)
Start importing ProjectSettings/TagManager.asset using Guid(00000000000000003000000000000000) Importer(815301076,1909f56bfc062723c751e8b465ee728b)  -> (artifact id: '83d0af13f452e4721c8c2fbca96652a0') in 0.009683 seconds
  Import took 0.019286 seconds .

========================================================================
Received Prepare
Registering precompiled user dll's ...
Registered in 0.001064 seconds.
Begin MonoManager ReloadAssembly
Native extension for WindowsStandalone target not found
Native extension for OSXStandalone target not found
Native extension for WebGL target not found
Refreshing native plugins compatible for Editor in 0.80 ms, found 0 plugins.
Preloading 0 native plugins for Editor in 0.00 ms.
Mono: successfully reloaded assembly
- Completed reload, in  0.762 seconds
Platform modules already initialized, skipping
Refreshing native plugins compatible for Editor in 0.80 ms, found 0 plugins.
Preloading 0 native plugins for Editor in 0.00 ms.
Unloading 2633 Unused Serialized files (Serialized files now loaded: 0)
System memory in use before: 218.2 MB.
System memory in use after: 216.6 MB.

Unloading 131 unused Assets to reduce memory usage. Loaded Objects now: 3308.
Total: 3.843200 ms (FindLiveObjects: 0.266900 ms CreateObjectMapping: 0.134000 ms MarkObjects: 1.939000 ms  DeleteObjects: 1.502300 ms)

========================================================================
Received Prepare
Registering precompiled user dll's ...
Registered in 0.001005 seconds.
Begin MonoManager ReloadAssembly
Native extension for WindowsStandalone target not found
Native extension for OSXStandalone target not found
Native extension for WebGL target not found
Refreshing native plugins compatible for Editor in 0.82 ms, found 0 plugins.
Preloading 0 native plugins for Editor in 0.00 ms.
Mono: successfully reloaded assembly
- Completed reload, in  0.768 seconds
Platform modules already initialized, skipping
Refreshing native plugins compatible for Editor in 0.85 ms, found 0 plugins.
Preloading 0 native plugins for Editor in 0.00 ms.
Unloading 2633 Unused Serialized files (Serialized files now loaded: 0)
System memory in use before: 218.3 MB.
System memory in use after: 216.6 MB.

Unloading 130 unused Assets to reduce memory usage. Loaded Objects now: 3311.
Total: 3.662100 ms (FindLiveObjects: 0.383800 ms CreateObjectMapping: 0.187400 ms MarkObjects: 1.582100 ms  DeleteObjects: 1.508000 ms)

========================================================================
Received Prepare
Registering precompiled user dll's ...
Registered in 0.000893 seconds.
Begin MonoManager ReloadAssembly
Native extension for WindowsStandalone target not found
Native extension for OSXStandalone target not found
Native extension for WebGL target not found
Refreshing native plugins compatible for Editor in 0.80 ms, found 0 plugins.
Preloading 0 native plugins for Editor in 0.00 ms.
Mono: successfully reloaded assembly
- Completed reload, in  0.748 seconds
Platform modules already initialized, skipping
Refreshing native plugins compatible for Editor in 0.80 ms, found 0 plugins.
Preloading 0 native plugins for Editor in 0.00 ms.
Unloading 2633 Unused Serialized files (Serialized files now loaded: 0)
System memory in use before: 218.3 MB.
System memory in use after: 216.6 MB.

Unloading 130 unused Assets to reduce memory usage. Loaded Objects now: 3314.
Total: 3.456700 ms (FindLiveObjects: 0.272800 ms CreateObjectMapping: 0.128500 ms MarkObjects: 1.596300 ms  DeleteObjects: 1.458400 ms)

========================================================================
Received Import Request.
  Time since last request: 2478.463512 seconds.
  path: Assets/GameObjects/Cameras
  artifactKey: Guid(ac24dfe9654e1a740b5e92ca216fefb1) Importer(815301076,1909f56bfc062723c751e8b465ee728b)
Start importing Assets/GameObjects/Cameras using Guid(ac24dfe9654e1a740b5e92ca216fefb1) Importer(815301076,1909f56bfc062723c751e8b465ee728b)  -> (artifact id: '870089015c40dc6b2828c99126dc05a9') in 0.008278 seconds
  Import took 0.017519 seconds .

========================================================================
Received Import Request.
  Time since last request: 0.044495 seconds.
  path: Assets/GameObjects/Cameras/cam_MainCamera.prefab
  artifactKey: Guid(53f0b7f63271c9f4da1f78fb39e79642) Importer(815301076,1909f56bfc062723c751e8b465ee728b)
Start importing Assets/GameObjects/Cameras/cam_MainCamera.prefab using Guid(53f0b7f63271c9f4da1f78fb39e79642) Importer(815301076,1909f56bfc062723c751e8b465ee728b)  -> (artifact id: 'a33a88b675945d7f999df1b5ec89ffd1') in 0.026989 seconds
  Import took 0.035931 seconds .

========================================================================
Received Import Request.
  Time since last request: 19.883205 seconds.
  path: Assets/GameObjects/Cameras/cam_MainCamera.prefab
  artifactKey: Guid(53f0b7f63271c9f4da1f78fb39e79642) Importer(815301076,1909f56bfc062723c751e8b465ee728b)
Start importing Assets/GameObjects/Cameras/cam_MainCamera.prefab using Guid(53f0b7f63271c9f4da1f78fb39e79642) Importer(815301076,1909f56bfc062723c751e8b465ee728b)  -> (artifact id: '0943853da15494bdf7934e9b80e3bcdb') in 0.002669 seconds
  Import took 0.011737 seconds .

========================================================================
Received Import Request.
  Time since last request: 460.333502 seconds.
  path: Assets/GameObjects/Core/CameraRig.prefab
  artifactKey: Guid(fb5c94a7dd49da24bb6a9357d4a9627c) Importer(815301076,1909f56bfc062723c751e8b465ee728b)
Start importing Assets/GameObjects/Core/CameraRig.prefab using Guid(fb5c94a7dd49da24bb6a9357d4a9627c) Importer(815301076,1909f56bfc062723c751e8b465ee728b)  -> (artifact id: '960e6e79bbb0c812dc2c469dd7e18bb1') in 0.020314 seconds
  Import took 0.030078 seconds .

========================================================================
Received Import Request.
  Time since last request: 0.000131 seconds.
  path: Assets/GameObjects/Core/Enemy.prefab
  artifactKey: Guid(1a4c06208aba84449bb39e1c208995af) Importer(815301076,1909f56bfc062723c751e8b465ee728b)
Start importing Assets/GameObjects/Core/Enemy.prefab using Guid(1a4c06208aba84449bb39e1c208995af) Importer(815301076,1909f56bfc062723c751e8b465ee728b)  -> (artifact id: '14e831dc3fbed48a85fa698e02ad7b02') in 0.064125 seconds
  Import took 0.072656 seconds .

========================================================================
Received Import Request.
  Time since last request: 0.000183 seconds.
  path: Assets/GameObjects/Core/Mayu.prefab
  artifactKey: Guid(dc2fa25617c5d614b884920073c294f8) Importer(815301076,1909f56bfc062723c751e8b465ee728b)
Start importing Assets/GameObjects/Core/Mayu.prefab using Guid(dc2fa25617c5d614b884920073c294f8) Importer(815301076,1909f56bfc062723c751e8b465ee728b) The Animator Controller (MayuAnimController) you have used is not valid. Animations will not play
UnityEngine.StackTraceUtility:ExtractStackTrace ()
UnityEditor.EditorUtility:Internal_InstantiateRemoveAllNonAnimationComponentsSingle (UnityEngine.Object,UnityEngine.Vector3,UnityEngine.Quaternion)
UnityEditor.EditorUtility:InstantiateRemoveAllNonAnimationComponents (UnityEngine.Object,UnityEngine.Vector3,UnityEngine.Quaternion)
UnityEditor.EditorUtility:InstantiateForAnimatorPreview (UnityEngine.Object)
UnityEditor.GameObjectInspector/PreviewData:UpdateGameObject (UnityEngine.Object)
UnityEditor.GameObjectInspector/PreviewData:.ctor (UnityEngine.Object)
UnityEditor.GameObjectInspector:GetPreviewData ()
UnityEditor.GameObjectInspector:RenderStaticPreview (string,UnityEngine.Object[],int,int)
UnityEditor.AssetPreviewUpdater:CreatePreviewForAsset (UnityEngine.Object,UnityEngine.Object[],string)

[C:\buildslave\unity\build\Modules/Animation/Director/AnimatorControllerPlayable.cpp line 333]

The Animator Controller (MayuAnimController) you have used is not valid. Animations will not play
UnityEngine.StackTraceUtility:ExtractStackTrace ()
UnityEditor.EditorUtility:InitInstantiatedPreviewRecursive (UnityEngine.GameObject)
UnityEditor.EditorUtility:InstantiateForAnimatorPreview (UnityEngine.Object)
UnityEditor.GameObjectInspector/PreviewData:UpdateGameObject (UnityEngine.Object)
UnityEditor.GameObjectInspector/PreviewData:.ctor (UnityEngine.Object)
UnityEditor.GameObjectInspector:GetPreviewData ()
UnityEditor.GameObjectInspector:RenderStaticPreview (string,UnityEngine.Object[],int,int)
UnityEditor.AssetPreviewUpdater:CreatePreviewForAsset (UnityEngine.Object,UnityEngine.Object[],string)

[C:\buildslave\unity\build\Modules/Animation/Director/AnimatorControllerPlayable.cpp line 333]

 -> (artifact id: '746366b2efa8e1ce15421e2565edafdb') in 0.022334 seconds
  Import took 0.027435 seconds .

========================================================================
Received Import Request.
  Time since last request: 3.865929 seconds.
  path: Assets/GameObjects/Gameplay/InteractOnButton.prefab
  artifactKey: Guid(1558be1730fccec409051b65c3fef16e) Importer(815301076,1909f56bfc062723c751e8b465ee728b)
Start importing Assets/GameObjects/Gameplay/InteractOnButton.prefab using Guid(1558be1730fccec409051b65c3fef16e) Importer(815301076,1909f56bfc062723c751e8b465ee728b)  -> (artifact id: 'c8134992a239b6838c82abc5e00dd423') in 0.012702 seconds
  Import took 0.022014 seconds .

========================================================================
Received Import Request.
  Time since last request: 0.000167 seconds.
  path: Assets/GameObjects/Gameplay/InteractOnTrigger.prefab
  artifactKey: Guid(066fa66ccd0207c40a819e0f52dfc70f) Importer(815301076,1909f56bfc062723c751e8b465ee728b)
Start importing Assets/GameObjects/Gameplay/InteractOnTrigger.prefab using Guid(066fa66ccd0207c40a819e0f52dfc70f) Importer(815301076,1909f56bfc062723c751e8b465ee728b)  -> (artifact id: 'b3b673185544815e7a2e8a8baebc5af2') in 0.009381 seconds
  Import took 0.013265 seconds .

========================================================================
Received Import Request.
  Time since last request: 0.000124 seconds.
  path: Assets/GameObjects/Gameplay/InteractOnCollision.prefab
  artifactKey: Guid(6eaeab8531fa7b14a8409de0533f7a77) Importer(815301076,1909f56bfc062723c751e8b465ee728b)
Start importing Assets/GameObjects/Gameplay/InteractOnCollision.prefab using Guid(6eaeab8531fa7b14a8409de0533f7a77) Importer(815301076,1909f56bfc062723c751e8b465ee728b)  -> (artifact id: '66dbf7e0e8cc05de2f29849828432497') in 0.006258 seconds
  Import took 0.010421 seconds .

========================================================================
Received Import Request.
  Time since last request: 2.837858 seconds.
  path: Assets/GameObjects/Gameplay/DeathVolume.prefab
  artifactKey: Guid(1f5299768369f0b43ba172410aeb456c) Importer(815301076,1909f56bfc062723c751e8b465ee728b)
Start importing Assets/GameObjects/Gameplay/DeathVolume.prefab using Guid(1f5299768369f0b43ba172410aeb456c) Importer(815301076,1909f56bfc062723c751e8b465ee728b)  -> (artifact id: 'c25cdeed6ac3acc5e5db4debfe327d3b') in 0.005382 seconds
  Import took 0.009395 seconds .

========================================================================
Received Import Request.
  Time since last request: 0.001470 seconds.
  path: Assets/GameObjects/Gameplay/DeathVolume.prefab
  artifactKey: Guid(1f5299768369f0b43ba172410aeb456c) Importer(815301076,1909f56bfc062723c751e8b465ee728b)
Start importing Assets/GameObjects/Gameplay/DeathVolume.prefab using Guid(1f5299768369f0b43ba172410aeb456c) Importer(815301076,1909f56bfc062723c751e8b465ee728b)  -> (artifact id: 'c25cdeed6ac3acc5e5db4debfe327d3b') in 0.002212 seconds
  Import took 0.005783 seconds .

========================================================================
Received Import Request.
  Time since last request: 57.966527 seconds.
  path: Assets/GameObjects/Gameplay/DeathVolume.prefab
  artifactKey: Guid(1f5299768369f0b43ba172410aeb456c) Importer(815301076,1909f56bfc062723c751e8b465ee728b)
Start importing Assets/GameObjects/Gameplay/DeathVolume.prefab using Guid(1f5299768369f0b43ba172410aeb456c) Importer(815301076,1909f56bfc062723c751e8b465ee728b)  -> (artifact id: 'f41a3e3408382aedbe25011a7af18605') in 0.002448 seconds
  Import took 0.011820 seconds .

========================================================================
Received Import Request.
  Time since last request: 10.447244 seconds.
  path: Assets/GameObjects/Gameplay/DeathVolume.prefab
  artifactKey: Guid(1f5299768369f0b43ba172410aeb456c) Importer(815301076,1909f56bfc062723c751e8b465ee728b)
Start importing Assets/GameObjects/Gameplay/DeathVolume.prefab using Guid(1f5299768369f0b43ba172410aeb456c) Importer(815301076,1909f56bfc062723c751e8b465ee728b)  -> (artifact id: '7ade2394108e57a2d0e94564c3a1b525') in 0.002355 seconds
  Import took 0.006177 seconds .

========================================================================
Received Import Request.
  Time since last request: 21.400919 seconds.
  path: Assets/GameObjects/Gameplay/DeathVolume.prefab
  artifactKey: Guid(1f5299768369f0b43ba172410aeb456c) Importer(815301076,1909f56bfc062723c751e8b465ee728b)
Start importing Assets/GameObjects/Gameplay/DeathVolume.prefab using Guid(1f5299768369f0b43ba172410aeb456c) Importer(815301076,1909f56bfc062723c751e8b465ee728b)  -> (artifact id: '5b90c61c75848ce772ab1ece53a85c2b') in 0.002340 seconds
  Import took 0.011473 seconds .

========================================================================
Received Prepare
Registering precompiled user dll's ...
Registered in 0.001084 seconds.
Begin MonoManager ReloadAssembly
Native extension for WindowsStandalone target not found
Native extension for OSXStandalone target not found
Native extension for WebGL target not found
Refreshing native plugins compatible for Editor in 0.91 ms, found 0 plugins.
Preloading 0 native plugins for Editor in 0.00 ms.
Mono: successfully reloaded assembly
- Completed reload, in  0.775 seconds
Platform modules already initialized, skipping
Refreshing native plugins compatible for Editor in 0.81 ms, found 0 plugins.
Preloading 0 native plugins for Editor in 0.00 ms.
Unloading 2633 Unused Serialized files (Serialized files now loaded: 0)
System memory in use before: 221.5 MB.
System memory in use after: 219.8 MB.

Unloading 132 unused Assets to reduce memory usage. Loaded Objects now: 3325.
Total: 3.145100 ms (FindLiveObjects: 0.254800 ms CreateObjectMapping: 0.127000 ms MarkObjects: 1.519100 ms  DeleteObjects: 1.243600 ms)

========================================================================
Received Import Request.
  Time since last request: 131.898589 seconds.
  path: Assets/Materials/Templates/m_ToonWaterfall.mat
  artifactKey: Guid(62bc1692f2059b149906446092a14bb6) Importer(815301076,1909f56bfc062723c751e8b465ee728b)
Start importing Assets/Materials/Templates/m_ToonWaterfall.mat using Guid(62bc1692f2059b149906446092a14bb6) Importer(815301076,1909f56bfc062723c751e8b465ee728b)  -> (artifact id: '64d2db6ce702f34ff248044ba1b48e7e') in 0.068512 seconds
  Import took 0.073486 seconds .

========================================================================
Received Prepare
Registering precompiled user dll's ...
Registered in 0.001158 seconds.
Begin MonoManager ReloadAssembly
Native extension for WindowsStandalone target not found
Native extension for OSXStandalone target not found
Native extension for WebGL target not found
Refreshing native plugins compatible for Editor in 0.87 ms, found 0 plugins.
Preloading 0 native plugins for Editor in 0.00 ms.
Mono: successfully reloaded assembly
- Completed reload, in  0.769 seconds
Platform modules already initialized, skipping
Refreshing native plugins compatible for Editor in 0.84 ms, found 0 plugins.
Preloading 0 native plugins for Editor in 0.00 ms.
Unloading 2633 Unused Serialized files (Serialized files now loaded: 0)
System memory in use before: 221.7 MB.
System memory in use after: 220.0 MB.

Unloading 130 unused Assets to reduce memory usage. Loaded Objects now: 3363.
Total: 3.677100 ms (FindLiveObjects: 0.332400 ms CreateObjectMapping: 0.167200 ms MarkObjects: 1.654300 ms  DeleteObjects: 1.522300 ms)

========================================================================
Received Prepare
Registering precompiled user dll's ...
Registered in 0.001027 seconds.
Begin MonoManager ReloadAssembly
Native extension for WindowsStandalone target not found
Native extension for OSXStandalone target not found
Native extension for WebGL target not found
Refreshing native plugins compatible for Editor in 0.81 ms, found 0 plugins.
Preloading 0 native plugins for Editor in 0.00 ms.
Mono: successfully reloaded assembly
- Completed reload, in  0.773 seconds
Platform modules already initialized, skipping
Refreshing native plugins compatible for Editor in 0.84 ms, found 0 plugins.
Preloading 0 native plugins for Editor in 0.00 ms.
Unloading 2633 Unused Serialized files (Serialized files now loaded: 0)
System memory in use before: 221.7 MB.
System memory in use after: 220.0 MB.

Unloading 130 unused Assets to reduce memory usage. Loaded Objects now: 3366.
Total: 3.529000 ms (FindLiveObjects: 0.301600 ms CreateObjectMapping: 0.138000 ms MarkObjects: 1.599700 ms  DeleteObjects: 1.488600 ms)

========================================================================
Received Prepare
Registering precompiled user dll's ...
Registered in 0.000930 seconds.
Begin MonoManager ReloadAssembly
Native extension for WindowsStandalone target not found
Native extension for OSXStandalone target not found
Native extension for WebGL target not found
Refreshing native plugins compatible for Editor in 0.82 ms, found 0 plugins.
Preloading 0 native plugins for Editor in 0.00 ms.
Mono: successfully reloaded assembly
- Completed reload, in  0.771 seconds
Platform modules already initialized, skipping
Refreshing native plugins compatible for Editor in 0.91 ms, found 0 plugins.
Preloading 0 native plugins for Editor in 0.00 ms.
Unloading 2633 Unused Serialized files (Serialized files now loaded: 0)
System memory in use before: 221.7 MB.
System memory in use after: 220.0 MB.

Unloading 130 unused Assets to reduce memory usage. Loaded Objects now: 3369.
Total: 3.679100 ms (FindLiveObjects: 0.295000 ms CreateObjectMapping: 0.142600 ms MarkObjects: 1.597800 ms  DeleteObjects: 1.642600 ms)

========================================================================
Received Import Request.
  Time since last request: 2274.451439 seconds.
  path: Assets/Scripts/Core/Checkpoint.cs
  artifactKey: Guid(d6da90d0484bd8d42a200be250c12652) Importer(815301076,1909f56bfc062723c751e8b465ee728b)
Start importing Assets/Scripts/Core/Checkpoint.cs using Guid(d6da90d0484bd8d42a200be250c12652) Importer(815301076,1909f56bfc062723c751e8b465ee728b)  -> (artifact id: '541bac9b178224b8fcfeebba56a6ea02') in 0.011364 seconds
  Import took 0.020560 seconds .

========================================================================
Received Import Request.
  Time since last request: 1.307959 seconds.
  path: Assets/Scripts/Core/PlayerController.cs
  artifactKey: Guid(4253ffe73caf7db4dab0ce2cbcc14555) Importer(815301076,1909f56bfc062723c751e8b465ee728b)
Start importing Assets/Scripts/Core/PlayerController.cs using Guid(4253ffe73caf7db4dab0ce2cbcc14555) Importer(815301076,1909f56bfc062723c751e8b465ee728b)  -> (artifact id: '0f414bccd0e3ca98ffa6a7ee63fa7b36') in 0.004305 seconds
  Import took 0.018972 seconds .

========================================================================
Received Import Request.
  Time since last request: 0.346281 seconds.
  path: Assets/Scripts/Core/PlayerInput.cs
  artifactKey: Guid(8ac25d3ababb83e4d9eeb3fd6553c70a) Importer(815301076,1909f56bfc062723c751e8b465ee728b)
Start importing Assets/Scripts/Core/PlayerInput.cs using Guid(8ac25d3ababb83e4d9eeb3fd6553c70a) Importer(815301076,1909f56bfc062723c751e8b465ee728b)  -> (artifact id: 'fc88d6dc6feac27dbe65ef5dd816ed0d') in 0.004295 seconds
  Import took 0.013718 seconds .

========================================================================
Received Import Request.
  Time since last request: 0.000454 seconds.
  path: Assets/Scripts/Core/PlayerInput.cs
  artifactKey: Guid(8ac25d3ababb83e4d9eeb3fd6553c70a) Importer(815301076,1909f56bfc062723c751e8b465ee728b)
Start importing Assets/Scripts/Core/PlayerInput.cs using Guid(8ac25d3ababb83e4d9eeb3fd6553c70a) Importer(815301076,1909f56bfc062723c751e8b465ee728b)  -> (artifact id: 'fc88d6dc6feac27dbe65ef5dd816ed0d') in 0.001212 seconds
  Import took 0.004718 seconds .

========================================================================
Received Prepare
Registering precompiled user dll's ...
Registered in 0.000931 seconds.
Begin MonoManager ReloadAssembly
Native extension for WindowsStandalone target not found
Native extension for OSXStandalone target not found
Native extension for WebGL target not found
Refreshing native plugins compatible for Editor in 0.83 ms, found 0 plugins.
Preloading 0 native plugins for Editor in 0.00 ms.
Mono: successfully reloaded assembly
- Completed reload, in  0.770 seconds
Platform modules already initialized, skipping
Refreshing native plugins compatible for Editor in 0.93 ms, found 0 plugins.
Preloading 0 native plugins for Editor in 0.00 ms.
Unloading 2633 Unused Serialized files (Serialized files now loaded: 0)
System memory in use before: 221.7 MB.
System memory in use after: 220.0 MB.

Unloading 130 unused Assets to reduce memory usage. Loaded Objects now: 3372.
Total: 3.396400 ms (FindLiveObjects: 0.279400 ms CreateObjectMapping: 0.137400 ms MarkObjects: 1.547500 ms  DeleteObjects: 1.431400 ms)

========================================================================
Received Import Request.
  Time since last request: 48.241008 seconds.
  path: Assets/Scripts/Player/PlayerInput.cs
  artifactKey: Guid(8ac25d3ababb83e4d9eeb3fd6553c70a) Importer(815301076,1909f56bfc062723c751e8b465ee728b)
Start importing Assets/Scripts/Player/PlayerInput.cs using Guid(8ac25d3ababb83e4d9eeb3fd6553c70a) Importer(815301076,1909f56bfc062723c751e8b465ee728b)  -> (artifact id: 'b1fedad5edd965f75c9088d6a35cfbc7') in 0.004116 seconds
  Import took 0.013446 seconds .

========================================================================
Received Prepare
Registering precompiled user dll's ...
Registered in 0.001022 seconds.
Begin MonoManager ReloadAssembly
Native extension for WindowsStandalone target not found
Native extension for OSXStandalone target not found
Native extension for WebGL target not found
Refreshing native plugins compatible for Editor in 0.93 ms, found 0 plugins.
Preloading 0 native plugins for Editor in 0.00 ms.
Mono: successfully reloaded assembly
- Completed reload, in  0.763 seconds
Platform modules already initialized, skipping
Refreshing native plugins compatible for Editor in 0.84 ms, found 0 plugins.
Preloading 0 native plugins for Editor in 0.00 ms.
Unloading 2633 Unused Serialized files (Serialized files now loaded: 0)
System memory in use before: 221.7 MB.
System memory in use after: 220.0 MB.

Unloading 130 unused Assets to reduce memory usage. Loaded Objects now: 3375.
Total: 3.995500 ms (FindLiveObjects: 0.309500 ms CreateObjectMapping: 0.138400 ms MarkObjects: 1.934400 ms  DeleteObjects: 1.612000 ms)

========================================================================
Received Import Request.
  Time since last request: 302.869264 seconds.
  path: Assets/Scripts/Player
  artifactKey: Guid(3fbbc17880d62c642829c3374a6ea17a) Importer(815301076,1909f56bfc062723c751e8b465ee728b)
Start importing Assets/Scripts/Player using Guid(3fbbc17880d62c642829c3374a6ea17a) Importer(815301076,1909f56bfc062723c751e8b465ee728b)  -> (artifact id: '6bf96abc0294681d6daa6810e482f4f3') in 0.007519 seconds
  Import took 0.016160 seconds .

========================================================================
Received Import Request.
  Time since last request: 3.317376 seconds.
  path: Assets/Scripts/Player/Eidtor
  artifactKey: Guid(e05ee33d6c9de224cb2b011a250885a8) Importer(815301076,1909f56bfc062723c751e8b465ee728b)
Start importing Assets/Scripts/Player/Eidtor using Guid(e05ee33d6c9de224cb2b011a250885a8) Importer(815301076,1909f56bfc062723c751e8b465ee728b)  -> (artifact id: 'b4f4352b64bc65e84ae2dc1608ccd613') in 0.004414 seconds
  Import took 0.008528 seconds .

========================================================================
Received Import Request.
  Time since last request: 2.085582 seconds.
  path: Assets/Scripts/Player/Editor
  artifactKey: Guid(e05ee33d6c9de224cb2b011a250885a8) Importer(815301076,1909f56bfc062723c751e8b465ee728b)
Start importing Assets/Scripts/Player/Editor using Guid(e05ee33d6c9de224cb2b011a250885a8) Importer(815301076,1909f56bfc062723c751e8b465ee728b)  -> (artifact id: '891bb7d9c118265739f62e6a7c6c47e7') in 0.004200 seconds
  Import took 0.013347 seconds .

========================================================================
Received Prepare
Registering precompiled user dll's ...
Registered in 0.001001 seconds.
Begin MonoManager ReloadAssembly
Native extension for WindowsStandalone target not found
Native extension for OSXStandalone target not found
Native extension for WebGL target not found
Refreshing native plugins compatible for Editor in 0.81 ms, found 0 plugins.
Preloading 0 native plugins for Editor in 0.00 ms.
Mono: successfully reloaded assembly
- Completed reload, in  0.784 seconds
Platform modules already initialized, skipping
Refreshing native plugins compatible for Editor in 0.85 ms, found 0 plugins.
Preloading 0 native plugins for Editor in 0.00 ms.
Unloading 2633 Unused Serialized files (Serialized files now loaded: 0)
System memory in use before: 221.7 MB.
System memory in use after: 220.1 MB.

Unloading 130 unused Assets to reduce memory usage. Loaded Objects now: 3378.
Total: 3.771800 ms (FindLiveObjects: 0.274200 ms CreateObjectMapping: 0.120900 ms MarkObjects: 1.795000 ms  DeleteObjects: 1.580500 ms)

========================================================================
Received Import Request.
  Time since last request: 11.667842 seconds.
  path: Assets/Scripts/Core/Editor/ScenarioControllerEditor.cs
  artifactKey: Guid(705ebf03eb3a0cd40aacf8e7695fabaf) Importer(815301076,1909f56bfc062723c751e8b465ee728b)
Start importing Assets/Scripts/Core/Editor/ScenarioControllerEditor.cs using Guid(705ebf03eb3a0cd40aacf8e7695fabaf) Importer(815301076,1909f56bfc062723c751e8b465ee728b)  -> (artifact id: 'f0ce3541f7907013df1f7c1bc77c1ba1') in 0.007090 seconds
  Import took 0.011373 seconds .

========================================================================
Received Import Request.
  Time since last request: 0.107351 seconds.
  path: Assets/Scripts/Core/Editor/AddObjectiveSubEditor.cs
  artifactKey: Guid(2029e664a219aee4e99673574b9c1d42) Importer(815301076,1909f56bfc062723c751e8b465ee728b)
Start importing Assets/Scripts/Core/Editor/AddObjectiveSubEditor.cs using Guid(2029e664a219aee4e99673574b9c1d42) Importer(815301076,1909f56bfc062723c751e8b465ee728b)  -> (artifact id: '87e44c50f1fc5a6e4b291114c46c1872') in 0.004292 seconds
  Import took 0.013383 seconds .

========================================================================
Received Prepare
Registering precompiled user dll's ...
Registered in 0.000965 seconds.
Begin MonoManager ReloadAssembly
Native extension for WindowsStandalone target not found
Native extension for OSXStandalone target not found
Native extension for WebGL target not found
Refreshing native plugins compatible for Editor in 0.84 ms, found 0 plugins.
Preloading 0 native plugins for Editor in 0.00 ms.
Mono: successfully reloaded assembly
- Completed reload, in  0.777 seconds
Platform modules already initialized, skipping
Refreshing native plugins compatible for Editor in 0.97 ms, found 0 plugins.
Preloading 0 native plugins for Editor in 0.00 ms.
Unloading 2633 Unused Serialized files (Serialized files now loaded: 0)
System memory in use before: 221.7 MB.
System memory in use after: 220.1 MB.

Unloading 130 unused Assets to reduce memory usage. Loaded Objects now: 3381.
Total: 3.703200 ms (FindLiveObjects: 0.329500 ms CreateObjectMapping: 0.143500 ms MarkObjects: 1.559300 ms  DeleteObjects: 1.670000 ms)

========================================================================
Received Prepare
Registering precompiled user dll's ...
Registered in 0.001020 seconds.
Begin MonoManager ReloadAssembly
Native extension for WindowsStandalone target not found
Native extension for OSXStandalone target not found
Native extension for WebGL target not found
Refreshing native plugins compatible for Editor in 0.84 ms, found 0 plugins.
Preloading 0 native plugins for Editor in 0.00 ms.
Mono: successfully reloaded assembly
- Completed reload, in  0.770 seconds
Platform modules already initialized, skipping
Refreshing native plugins compatible for Editor in 0.84 ms, found 0 plugins.
Preloading 0 native plugins for Editor in 0.00 ms.
Unloading 2633 Unused Serialized files (Serialized files now loaded: 0)
System memory in use before: 221.7 MB.
System memory in use after: 220.1 MB.

Unloading 130 unused Assets to reduce memory usage. Loaded Objects now: 3384.
Total: 3.602900 ms (FindLiveObjects: 0.317600 ms CreateObjectMapping: 0.147700 ms MarkObjects: 1.592100 ms  DeleteObjects: 1.544400 ms)

========================================================================
Received Import Request.
  Time since last request: 292.025542 seconds.
  path: Assets/GameObjects/Core/Checkpoint.prefab
  artifactKey: Guid(d3e783f96fa735546a7d6c1fb3e2b5a8) Importer(815301076,1909f56bfc062723c751e8b465ee728b)
Start importing Assets/GameObjects/Core/Checkpoint.prefab using Guid(d3e783f96fa735546a7d6c1fb3e2b5a8) Importer(815301076,1909f56bfc062723c751e8b465ee728b)  -> (artifact id: 'b268655c23340f5cdc45bc3bcb2f08e4') in 0.016044 seconds
  Import took 0.026120 seconds .

========================================================================
Received Import Request.
  Time since last request: 0.000140 seconds.
  path: Assets/GameObjects/Core/Mayu.prefab
  artifactKey: Guid(dc2fa25617c5d614b884920073c294f8) Importer(815301076,1909f56bfc062723c751e8b465ee728b)
Start importing Assets/GameObjects/Core/Mayu.prefab using Guid(dc2fa25617c5d614b884920073c294f8) Importer(815301076,1909f56bfc062723c751e8b465ee728b) The Animator Controller (MayuAnimController) you have used is not valid. Animations will not play
UnityEngine.StackTraceUtility:ExtractStackTrace ()
UnityEditor.EditorUtility:Internal_InstantiateRemoveAllNonAnimationComponentsSingle (UnityEngine.Object,UnityEngine.Vector3,UnityEngine.Quaternion)
UnityEditor.EditorUtility:InstantiateRemoveAllNonAnimationComponents (UnityEngine.Object,UnityEngine.Vector3,UnityEngine.Quaternion)
UnityEditor.EditorUtility:InstantiateForAnimatorPreview (UnityEngine.Object)
UnityEditor.GameObjectInspector/PreviewData:UpdateGameObject (UnityEngine.Object)
UnityEditor.GameObjectInspector/PreviewData:.ctor (UnityEngine.Object)
UnityEditor.GameObjectInspector:GetPreviewData ()
UnityEditor.GameObjectInspector:RenderStaticPreview (string,UnityEngine.Object[],int,int)
UnityEditor.AssetPreviewUpdater:CreatePreviewForAsset (UnityEngine.Object,UnityEngine.Object[],string)

[C:\buildslave\unity\build\Modules/Animation/Director/AnimatorControllerPlayable.cpp line 333]

The Animator Controller (MayuAnimController) you have used is not valid. Animations will not play
UnityEngine.StackTraceUtility:ExtractStackTrace ()
UnityEditor.EditorUtility:InitInstantiatedPreviewRecursive (UnityEngine.GameObject)
UnityEditor.EditorUtility:InstantiateForAnimatorPreview (UnityEngine.Object)
UnityEditor.GameObjectInspector/PreviewData:UpdateGameObject (UnityEngine.Object)
UnityEditor.GameObjectInspector/PreviewData:.ctor (UnityEngine.Object)
UnityEditor.GameObjectInspector:GetPreviewData ()
UnityEditor.GameObjectInspector:RenderStaticPreview (string,UnityEngine.Object[],int,int)
UnityEditor.AssetPreviewUpdater:CreatePreviewForAsset (UnityEngine.Object,UnityEngine.Object[],string)

[C:\buildslave\unity\build\Modules/Animation/Director/AnimatorControllerPlayable.cpp line 333]

 -> (artifact id: '2ab3f556becd691e73cd06d9e48bcf4c') in 0.037435 seconds
  Import took 0.046514 seconds .

========================================================================
Received Import Request.
  Time since last request: 8.460392 seconds.
  path: Assets/GameObjects/Gameplay/InteractOnButton.prefab
  artifactKey: Guid(1558be1730fccec409051b65c3fef16e) Importer(815301076,1909f56bfc062723c751e8b465ee728b)
Start importing Assets/GameObjects/Gameplay/InteractOnButton.prefab using Guid(1558be1730fccec409051b65c3fef16e) Importer(815301076,1909f56bfc062723c751e8b465ee728b)  -> (artifact id: 'fbb811b7e423bee16a633612c459ceef') in 0.013270 seconds
  Import took 0.022359 seconds .

========================================================================
Received Import Request.
  Time since last request: 4.133853 seconds.
  path: Assets/GameObjects/Gameplay/InteractOnCollision.prefab
  artifactKey: Guid(6eaeab8531fa7b14a8409de0533f7a77) Importer(815301076,1909f56bfc062723c751e8b465ee728b)
Start importing Assets/GameObjects/Gameplay/InteractOnCollision.prefab using Guid(6eaeab8531fa7b14a8409de0533f7a77) Importer(815301076,1909f56bfc062723c751e8b465ee728b)  -> (artifact id: '5bc0aac6c8e734d7f59c41ce75a3f2c3') in 0.003473 seconds
  Import took 0.007430 seconds .

========================================================================
Received Import Request.
  Time since last request: 3.160949 seconds.
  path: Assets/GameObjects/Gameplay/InteractOnTrigger.prefab
  artifactKey: Guid(066fa66ccd0207c40a819e0f52dfc70f) Importer(815301076,1909f56bfc062723c751e8b465ee728b)
Start importing Assets/GameObjects/Gameplay/InteractOnTrigger.prefab using Guid(066fa66ccd0207c40a819e0f52dfc70f) Importer(815301076,1909f56bfc062723c751e8b465ee728b)  -> (artifact id: '1659ce19430c1630d2eaafb35635223f') in 0.008893 seconds
  Import took 0.018204 seconds .

========================================================================
Received Import Request.
  Time since last request: 0.004664 seconds.
  path: Assets/GameObjects/Gameplay/InteractOnTrigger.prefab
  artifactKey: Guid(066fa66ccd0207c40a819e0f52dfc70f) Importer(815301076,1909f56bfc062723c751e8b465ee728b)
Start importing Assets/GameObjects/Gameplay/InteractOnTrigger.prefab using Guid(066fa66ccd0207c40a819e0f52dfc70f) Importer(815301076,1909f56bfc062723c751e8b465ee728b)  -> (artifact id: '1659ce19430c1630d2eaafb35635223f') in 0.002287 seconds
  Import took 0.006029 seconds .

========================================================================
Received Import Request.
  Time since last request: 6.751232 seconds.
  path: Assets/GameObjects/FX/fx_DecalProjector.prefab
  artifactKey: Guid(e10d66c784fb588409bd57542a9fad13) Importer(815301076,1909f56bfc062723c751e8b465ee728b)
Start importing Assets/GameObjects/FX/fx_DecalProjector.prefab using Guid(e10d66c784fb588409bd57542a9fad13) Importer(815301076,1909f56bfc062723c751e8b465ee728b)  -> (artifact id: 'c8f02601064104aced4f7612f23f9ad5') in 0.004873 seconds
  Import took 0.008970 seconds .

========================================================================
Received Import Request.
  Time since last request: 0.000152 seconds.
  path: Assets/GameObjects/FX/fx_Fire.prefab
  artifactKey: Guid(375841029e0353e419583fdd115cf8f5) Importer(815301076,1909f56bfc062723c751e8b465ee728b)
Start importing Assets/GameObjects/FX/fx_Fire.prefab using Guid(375841029e0353e419583fdd115cf8f5) Importer(815301076,1909f56bfc062723c751e8b465ee728b)  -> (artifact id: '71cfc278e48294072e539ca93aeeff2c') in 0.007080 seconds
  Import took 0.011341 seconds .

========================================================================
Received Import Request.
  Time since last request: 8.704767 seconds.
  path: Assets/GameObjects/FX/p_WaterRipples.prefab
  artifactKey: Guid(862bbbdd45336ff41a3fb70c70537a1d) Importer(815301076,1909f56bfc062723c751e8b465ee728b)
Start importing Assets/GameObjects/FX/p_WaterRipples.prefab using Guid(862bbbdd45336ff41a3fb70c70537a1d) Importer(815301076,1909f56bfc062723c751e8b465ee728b)  -> (artifact id: '67d5c3cc205d33868158ba35161a9486') in 0.005376 seconds
  Import took 0.014770 seconds .

========================================================================
Received Import Request.
  Time since last request: 14.764858 seconds.
  path: Assets/GameObjects/FX/fx_DecalProjector.prefab
  artifactKey: Guid(e10d66c784fb588409bd57542a9fad13) Importer(815301076,1909f56bfc062723c751e8b465ee728b)
Start importing Assets/GameObjects/FX/fx_DecalProjector.prefab using Guid(e10d66c784fb588409bd57542a9fad13) Importer(815301076,1909f56bfc062723c751e8b465ee728b)  -> (artifact id: 'a7f217f47f05e3e17ac45c814ba31c30') in 0.002550 seconds
  Import took 0.006332 seconds .

========================================================================
Received Import Request.
  Time since last request: 6.384697 seconds.
  path: Assets/GameObjects/FX/fx_DecalProjector.prefab
  artifactKey: Guid(e10d66c784fb588409bd57542a9fad13) Importer(815301076,1909f56bfc062723c751e8b465ee728b)
Start importing Assets/GameObjects/FX/fx_DecalProjector.prefab using Guid(e10d66c784fb588409bd57542a9fad13) Importer(815301076,1909f56bfc062723c751e8b465ee728b)  -> (artifact id: '696b4d2884113b25979344e4dc046b9a') in 0.002325 seconds
  Import took 0.006687 seconds .

========================================================================
Received Import Request.
  Time since last request: 28.029636 seconds.
  path: Assets/GameObjects/FX/fx_Fire.prefab
  artifactKey: Guid(375841029e0353e419583fdd115cf8f5) Importer(815301076,1909f56bfc062723c751e8b465ee728b)
Start importing Assets/GameObjects/FX/fx_Fire.prefab using Guid(375841029e0353e419583fdd115cf8f5) Importer(815301076,1909f56bfc062723c751e8b465ee728b)  -> (artifact id: '9afb3e7caabca089b75dc7ba9deb5186') in 0.003673 seconds
  Import took 0.013668 seconds .

========================================================================
Received Import Request.
  Time since last request: 10.317939 seconds.
  path: Assets/GameObjects/FX/fx_Fire.prefab
  artifactKey: Guid(375841029e0353e419583fdd115cf8f5) Importer(815301076,1909f56bfc062723c751e8b465ee728b)
Start importing Assets/GameObjects/FX/fx_Fire.prefab using Guid(375841029e0353e419583fdd115cf8f5) Importer(815301076,1909f56bfc062723c751e8b465ee728b)  -> (artifact id: '72dbe4efc5743fc16b06c1beb601ccee') in 0.003338 seconds
  Import took 0.012844 seconds .

========================================================================
Received Import Request.
  Time since last request: 8.419297 seconds.
  path: Assets/GameObjects/FX/fx_Fire.prefab
  artifactKey: Guid(375841029e0353e419583fdd115cf8f5) Importer(815301076,1909f56bfc062723c751e8b465ee728b)
Start importing Assets/GameObjects/FX/fx_Fire.prefab using Guid(375841029e0353e419583fdd115cf8f5) Importer(815301076,1909f56bfc062723c751e8b465ee728b)  -> (artifact id: '508d0cd1cec8e070252e2f3497293912') in 0.003227 seconds
  Import took 0.012554 seconds .

========================================================================
Received Import Request.
  Time since last request: 0.000165 seconds.
  path: Assets/GameObjects/FX/p_Mask.prefab
  artifactKey: Guid(6d71a61e7db7f5449a34294d92251878) Importer(815301076,1909f56bfc062723c751e8b465ee728b)
Start importing Assets/GameObjects/FX/p_Mask.prefab using Guid(6d71a61e7db7f5449a34294d92251878) Importer(815301076,1909f56bfc062723c751e8b465ee728b)  -> (artifact id: '370d04a06750afd0a17e0ae441aa6456') in 0.005476 seconds
  Import took 0.009879 seconds .

========================================================================
Received Import Request.
  Time since last request: 13.844805 seconds.
  path: Assets/GameObjects/Core/CameraRig.prefab
  artifactKey: Guid(fb5c94a7dd49da24bb6a9357d4a9627c) Importer(815301076,1909f56bfc062723c751e8b465ee728b)
Start importing Assets/GameObjects/Core/CameraRig.prefab using Guid(fb5c94a7dd49da24bb6a9357d4a9627c) Importer(815301076,1909f56bfc062723c751e8b465ee728b)  -> (artifact id: '3c10424e9753cd0cfcbedca9e4912ef8') in 0.027440 seconds
  Import took 0.031441 seconds .

========================================================================
Received Import Request.
  Time since last request: 9.306333 seconds.
  path: Assets/GameObjects/Core/Enemy.prefab
  artifactKey: Guid(1a4c06208aba84449bb39e1c208995af) Importer(815301076,1909f56bfc062723c751e8b465ee728b)
Start importing Assets/GameObjects/Core/Enemy.prefab using Guid(1a4c06208aba84449bb39e1c208995af) Importer(815301076,1909f56bfc062723c751e8b465ee728b)  -> (artifact id: 'c9dfd7f937fec6e87ef2b3551452bc7b') in 0.036397 seconds
  Import took 0.045864 seconds .

========================================================================
Received Import Request.
  Time since last request: 4.541235 seconds.
  path: Assets/GameObjects/Lights/dL_MainLight.prefab
  artifactKey: Guid(b260e20c0ad1e3b43978465ae21b4ce9) Importer(815301076,1909f56bfc062723c751e8b465ee728b)
Start importing Assets/GameObjects/Lights/dL_MainLight.prefab using Guid(b260e20c0ad1e3b43978465ae21b4ce9) Importer(815301076,1909f56bfc062723c751e8b465ee728b)  -> (artifact id: 'd8f65f57a3a8ba12b5725b9da0c7a04d') in 0.005885 seconds
  Import took 0.015236 seconds .

========================================================================
Received Import Request.
  Time since last request: 0.000146 seconds.
  path: Assets/GameObjects/Lights/pL_Fire.prefab
  artifactKey: Guid(edc88233d3d64c043b4219e13e355d66) Importer(815301076,1909f56bfc062723c751e8b465ee728b)
Start importing Assets/GameObjects/Lights/pL_Fire.prefab using Guid(edc88233d3d64c043b4219e13e355d66) Importer(815301076,1909f56bfc062723c751e8b465ee728b)  -> (artifact id: '7052840f07b0994853d83003278c7844') in 0.005258 seconds
  Import took 0.009251 seconds .

========================================================================
Received Import Request.
  Time since last request: 9.519063 seconds.
  path: Assets/GameObjects/Managers/PersistantDataManager.prefab
  artifactKey: Guid(1e01420f4f34e324b9556174afa32af4) Importer(815301076,1909f56bfc062723c751e8b465ee728b)
Start importing Assets/GameObjects/Managers/PersistantDataManager.prefab using Guid(1e01420f4f34e324b9556174afa32af4) Importer(815301076,1909f56bfc062723c751e8b465ee728b)  -> (artifact id: '279873bd3cee84c11ade44f6ec9c05a7') in 0.006297 seconds
  Import took 0.015826 seconds .

========================================================================
Received Import Request.
  Time since last request: 0.000137 seconds.
  path: Assets/GameObjects/Managers/ScenarioController.prefab
  artifactKey: Guid(14f70e42f53099b47bc01d43abafd9ed) Importer(815301076,1909f56bfc062723c751e8b465ee728b)
Start importing Assets/GameObjects/Managers/ScenarioController.prefab using Guid(14f70e42f53099b47bc01d43abafd9ed) Importer(815301076,1909f56bfc062723c751e8b465ee728b)  -> (artifact id: 'fc59983218c89bd3e72bfe92f73ba302') in 0.010912 seconds
  Import took 0.014920 seconds .

========================================================================
Received Import Request.
  Time since last request: 16.351112 seconds.
  path: Assets/GameObjects/FX/fx_Fire.prefab
  artifactKey: Guid(375841029e0353e419583fdd115cf8f5) Importer(815301076,1909f56bfc062723c751e8b465ee728b)
Start importing Assets/GameObjects/FX/fx_Fire.prefab using Guid(375841029e0353e419583fdd115cf8f5) Importer(815301076,1909f56bfc062723c751e8b465ee728b)  -> (artifact id: 'f305bf456810771db8115455fcee87d9') in 0.003223 seconds
  Import took 0.013113 seconds .

========================================================================
Received Import Request.
  Time since last request: 0.000190 seconds.
  path: Assets/GameObjects/FX/p_Mask.prefab
  artifactKey: Guid(6d71a61e7db7f5449a34294d92251878) Importer(815301076,1909f56bfc062723c751e8b465ee728b)
Start importing Assets/GameObjects/FX/p_Mask.prefab using Guid(6d71a61e7db7f5449a34294d92251878) Importer(815301076,1909f56bfc062723c751e8b465ee728b)  -> (artifact id: '1a036b7c68761b5a00435bc1d945678f') in 0.002674 seconds
  Import took 0.006200 seconds .

========================================================================
Received Import Request.
  Time since last request: 15.638912 seconds.
  path: Assets/GameObjects/CoreObjects.prefab
  artifactKey: Guid(99f76b6a5a2610a408717b8bfbe2cefe) Importer(815301076,1909f56bfc062723c751e8b465ee728b)
Start importing Assets/GameObjects/CoreObjects.prefab using Guid(99f76b6a5a2610a408717b8bfbe2cefe) Importer(815301076,1909f56bfc062723c751e8b465ee728b)  -> (artifact id: 'ab4389021dc85f86d759b18ead6c8a20') in 0.005246 seconds
  Import took 0.014758 seconds .

========================================================================
Received Import Request.
  Time since last request: 73.389143 seconds.
  path: Assets/GameObjects/Octave3DWorldBuilder.prefab
  artifactKey: Guid(5757545083e88a44b90f02a7cf28474e) Importer(815301076,1909f56bfc062723c751e8b465ee728b)
Start importing Assets/GameObjects/Octave3DWorldBuilder.prefab using Guid(5757545083e88a44b90f02a7cf28474e) Importer(815301076,1909f56bfc062723c751e8b465ee728b)  -> (artifact id: '43e7ad3ecafc7046d4bd48e33904fd5d') in 0.036656 seconds
  Import took 0.041193 seconds .

========================================================================
Received Import Request.
  Time since last request: 0.039792 seconds.
  path: Assets/GameObjects/Octave3DWorldBuilder.prefab
  artifactKey: Guid(5757545083e88a44b90f02a7cf28474e) Importer(815301076,1909f56bfc062723c751e8b465ee728b)
Start importing Assets/GameObjects/Octave3DWorldBuilder.prefab using Guid(5757545083e88a44b90f02a7cf28474e) Importer(815301076,1909f56bfc062723c751e8b465ee728b)  -> (artifact id: '43e7ad3ecafc7046d4bd48e33904fd5d') in 0.010769 seconds
  Import took 0.014916 seconds .

========================================================================
Received Import Request.
  Time since last request: 28.443496 seconds.
  path: Assets/GameObjects/Octave3DWorldBuilder.prefab
  artifactKey: Guid(5757545083e88a44b90f02a7cf28474e) Importer(815301076,1909f56bfc062723c751e8b465ee728b)
Start importing Assets/GameObjects/Octave3DWorldBuilder.prefab using Guid(5757545083e88a44b90f02a7cf28474e) Importer(815301076,1909f56bfc062723c751e8b465ee728b)  -> (artifact id: 'a1662ef2d2c7b0d31674fd1c04854568') in 0.002620 seconds
  Import took 0.011924 seconds .

AssetImportWorkerClient::OnTransportError - code=2 error=End of file
