Using pre-set license
Built from '2020.3/release' branch; Version is '2020.3.7f1 (dd97f2c94397) revision 14522354'; Using compiler version '192528614'; Build Type 'Release'
OS: 'Windows 10 Pro; OS build 19042.928; Version 2009; 64bit' Language: 'en' Physical Memory: 32617 MB
BatchMode: 1, IsHumanControllingUs: 0, StartBugReporterOnCrash: 0, Is64bit: 1, IsPro: 0

 COMMAND LINE ARGUMENTS:
C:\Program Files\Unity\Hub\Editor\2020.3.7f1\Editor\Unity.exe
-adb2
-batchMode
-noUpm
-name
AssetImportWorker0
-projectPath
D:/GameDev/Mayus_Lantern/MayusLantern
-logFile
Logs/AssetImportWorker0.log
-srvPort
59562
Successfully changed project path to: D:/GameDev/Mayus_Lantern/MayusLantern
D:/GameDev/Mayus_Lantern/MayusLantern
Using Asset Import Pipeline V2.
Refreshing native plugins compatible for Editor in 82.95 ms, found 0 plugins.
Preloading 0 native plugins for Editor in 0.00 ms.
Initialize engine version: 2020.3.7f1 (dd97f2c94397)
[Subsystems] Discovering subsystems at path C:/Program Files/Unity/Hub/Editor/2020.3.7f1/Editor/Data/Resources/UnitySubsystems
[Subsystems] Discovering subsystems at path D:/GameDev/Mayus_Lantern/MayusLantern/Assets
GfxDevice: creating device client; threaded=0
Direct3D:
    Version:  Direct3D 11.0 [level 11.1]
    Renderer: NVIDIA GeForce RTX 2070 (ID=0x1f10)
    Vendor:   
    VRAM:     8031 MB
    Driver:   27.21.14.5167
Initialize mono
Mono path[0] = 'C:/Program Files/Unity/Hub/Editor/2020.3.7f1/Editor/Data/Managed'
Mono path[1] = 'C:/Program Files/Unity/Hub/Editor/2020.3.7f1/Editor/Data/MonoBleedingEdge/lib/mono/unityjit'
Mono config path = 'C:/Program Files/Unity/Hub/Editor/2020.3.7f1/Editor/Data/MonoBleedingEdge/etc'
Using monoOptions --debugger-agent=transport=dt_socket,embedding=1,server=y,suspend=n,address=127.0.0.1:56392
Begin MonoManager ReloadAssembly
Registering precompiled unity dll's ...
Register platform support module: C:/Program Files/Unity/Hub/Editor/2020.3.7f1/Editor/Data/PlaybackEngines/WebGLSupport/UnityEditor.WebGL.Extensions.dll
Register platform support module: C:/Program Files/Unity/Hub/Editor/2020.3.7f1/Editor/Data/PlaybackEngines/MacStandaloneSupport/UnityEditor.OSXStandalone.Extensions.dll
Register platform support module: C:/Program Files/Unity/Hub/Editor/2020.3.7f1/Editor/Data/PlaybackEngines/WindowsStandaloneSupport/UnityEditor.WindowsStandalone.Extensions.dll
Register platform support module: C:/Program Files/Unity/Hub/Editor/2020.3.7f1/Editor/Data/PlaybackEngines/LinuxStandaloneSupport/UnityEditor.LinuxStandalone.Extensions.dll
Registered in 0.002220 seconds.
Native extension for LinuxStandalone target not found
Native extension for WindowsStandalone target not found
Native extension for OSXStandalone target not found
Native extension for WebGL target not found
Refreshing native plugins compatible for Editor in 118.20 ms, found 0 plugins.
Preloading 0 native plugins for Editor in 0.00 ms.
Mono: successfully reloaded assembly
- Completed reload, in  1.086 seconds
Platform modules already initialized, skipping
Registering precompiled user dll's ...
Registered in 0.000978 seconds.
Begin MonoManager ReloadAssembly
Native extension for LinuxStandalone target not found
Native extension for WindowsStandalone target not found
Native extension for OSXStandalone target not found
Native extension for WebGL target not found
Refreshing native plugins compatible for Editor in 0.81 ms, found 0 plugins.
Preloading 0 native plugins for Editor in 0.00 ms.
Mono: successfully reloaded assembly
- Completed reload, in  0.991 seconds
Platform modules already initialized, skipping
========================================================================
Worker process is ready to serve import requests
Launched and connected shader compiler UnityShaderCompiler.exe after 0.04 seconds
Refreshing native plugins compatible for Editor in 0.88 ms, found 0 plugins.
Preloading 0 native plugins for Editor in 0.00 ms.
Unloading 2798 Unused Serialized files (Serialized files now loaded: 0)
System memory in use before: 161.8 MB.
System memory in use after: 160.2 MB.

Unloading 135 unused Assets to reduce memory usage. Loaded Objects now: 3229.
Total: 3.378600 ms (FindLiveObjects: 0.410400 ms CreateObjectMapping: 0.142400 ms MarkObjects: 1.653500 ms  DeleteObjects: 1.171500 ms)

========================================================================
Received Import Request.
  path: Assets/GameObjects/Cameras/cam_MainCamera.prefab
  artifactKey: Guid(53f0b7f63271c9f4da1f78fb39e79642) Importer(815301076,1909f56bfc062723c751e8b465ee728b)
Start importing Assets/GameObjects/Cameras/cam_MainCamera.prefab using Guid(53f0b7f63271c9f4da1f78fb39e79642) Importer(815301076,1909f56bfc062723c751e8b465ee728b)  -> (artifact id: '6ad531b7ddbd8ea5d61648093471fbdc') in 0.039847 seconds
  Import took 0.045123 seconds .

========================================================================
Received Prepare
Refreshing native plugins compatible for Editor in 1.60 ms, found 0 plugins.
Preloading 0 native plugins for Editor in 0.00 ms.
Unloading 11 Unused Serialized files (Serialized files now loaded: 0)
System memory in use before: 92.5 MB.
System memory in use after: 90.9 MB.

Unloading 11 unused Assets to reduce memory usage. Loaded Objects now: 3229.
Total: 3.976200 ms (FindLiveObjects: 0.419400 ms CreateObjectMapping: 0.267300 ms MarkObjects: 2.090800 ms  DeleteObjects: 1.197500 ms)

========================================================================
Received Import Request.
  Time since last request: 74.771151 seconds.
  path: Assets/GameObjects/Core
  artifactKey: Guid(7d762127099ff9d429ab76c5ead4b6ec) Importer(815301076,1909f56bfc062723c751e8b465ee728b)
Start importing Assets/GameObjects/Core using Guid(7d762127099ff9d429ab76c5ead4b6ec) Importer(815301076,1909f56bfc062723c751e8b465ee728b)  -> (artifact id: 'dd69205723c8aef0fbbf7b29a011617a') in 0.007597 seconds
  Import took 0.014130 seconds .

========================================================================
Received Import Request.
  Time since last request: 5.969876 seconds.
  path: Assets/GameObjects/Core/Mayu.prefab
  artifactKey: Guid(dc2fa25617c5d614b884920073c294f8) Importer(815301076,1909f56bfc062723c751e8b465ee728b)
Start importing Assets/GameObjects/Core/Mayu.prefab using Guid(dc2fa25617c5d614b884920073c294f8) Importer(815301076,1909f56bfc062723c751e8b465ee728b)  -> (artifact id: '4f17b08cc3fbb63164e31ca4b482a028') in 0.071853 seconds
  Import took 0.078624 seconds .

========================================================================
Received Import Request.
  Time since last request: 1.761078 seconds.
  path: Assets/GameObjects/Core/CameraRig.prefab
  artifactKey: Guid(fb5c94a7dd49da24bb6a9357d4a9627c) Importer(815301076,1909f56bfc062723c751e8b465ee728b)
Start importing Assets/GameObjects/Core/CameraRig.prefab using Guid(fb5c94a7dd49da24bb6a9357d4a9627c) Importer(815301076,1909f56bfc062723c751e8b465ee728b)  -> (artifact id: '5c0c0b8512f27f8608b7a1a4fb0f7987') in 0.029785 seconds
  Import took 0.035049 seconds .

========================================================================
Received Import Request.
  Time since last request: 0.001433 seconds.
  path: Assets/GameObjects/Core/CameraRig.prefab
  artifactKey: Guid(fb5c94a7dd49da24bb6a9357d4a9627c) Importer(815301076,1909f56bfc062723c751e8b465ee728b)
Start importing Assets/GameObjects/Core/CameraRig.prefab using Guid(fb5c94a7dd49da24bb6a9357d4a9627c) Importer(815301076,1909f56bfc062723c751e8b465ee728b)  -> (artifact id: '5c0c0b8512f27f8608b7a1a4fb0f7987') in 0.003886 seconds
  Import took 0.008300 seconds .

========================================================================
Received Prepare
Registering precompiled user dll's ...
Registered in 0.001138 seconds.
Begin MonoManager ReloadAssembly
Native extension for LinuxStandalone target not found
Native extension for WindowsStandalone target not found
Native extension for OSXStandalone target not found
Native extension for WebGL target not found
Refreshing native plugins compatible for Editor in 1.03 ms, found 0 plugins.
Preloading 0 native plugins for Editor in 0.00 ms.
Mono: successfully reloaded assembly
- Completed reload, in  0.899 seconds
Platform modules already initialized, skipping
Refreshing native plugins compatible for Editor in 0.86 ms, found 0 plugins.
Preloading 0 native plugins for Editor in 0.00 ms.
Unloading 2622 Unused Serialized files (Serialized files now loaded: 0)
System memory in use before: 147.5 MB.
System memory in use after: 146.1 MB.

Unloading 129 unused Assets to reduce memory usage. Loaded Objects now: 3245.
Total: 4.014000 ms (FindLiveObjects: 0.514200 ms CreateObjectMapping: 0.219300 ms MarkObjects: 2.017700 ms  DeleteObjects: 1.261100 ms)

========================================================================
Received Prepare
Registering precompiled user dll's ...
Registered in 0.002148 seconds.
Begin MonoManager ReloadAssembly
Native extension for LinuxStandalone target not found
Native extension for WindowsStandalone target not found
Native extension for OSXStandalone target not found
Native extension for WebGL target not found
Refreshing native plugins compatible for Editor in 1.13 ms, found 0 plugins.
Preloading 0 native plugins for Editor in 0.00 ms.
Mono: successfully reloaded assembly
- Completed reload, in  0.970 seconds
Platform modules already initialized, skipping
Refreshing native plugins compatible for Editor in 1.26 ms, found 0 plugins.
Preloading 0 native plugins for Editor in 0.00 ms.
Unloading 2621 Unused Serialized files (Serialized files now loaded: 0)
System memory in use before: 147.5 MB.
System memory in use after: 146.1 MB.

Unloading 129 unused Assets to reduce memory usage. Loaded Objects now: 3248.
Total: 5.182100 ms (FindLiveObjects: 0.292800 ms CreateObjectMapping: 0.144200 ms MarkObjects: 2.939300 ms  DeleteObjects: 1.804600 ms)

========================================================================
Received Import Request.
  Time since last request: 1809.547157 seconds.
  path: Assets/GameObjects/Core/Enemy.prefab
  artifactKey: Guid(1a4c06208aba84449bb39e1c208995af) Importer(815301076,1909f56bfc062723c751e8b465ee728b)
Start importing Assets/GameObjects/Core/Enemy.prefab using Guid(1a4c06208aba84449bb39e1c208995af) Importer(815301076,1909f56bfc062723c751e8b465ee728b)  -> (artifact id: '8d639bbef417c9e0be98a79450cfed3e') in 0.045471 seconds
  Import took 0.049759 seconds .

========================================================================
Received Import Request.
  Time since last request: 0.002039 seconds.
  path: Assets/GameObjects/Core/Enemy.prefab
  artifactKey: Guid(1a4c06208aba84449bb39e1c208995af) Importer(815301076,1909f56bfc062723c751e8b465ee728b)
Start importing Assets/GameObjects/Core/Enemy.prefab using Guid(1a4c06208aba84449bb39e1c208995af) Importer(815301076,1909f56bfc062723c751e8b465ee728b)  -> (artifact id: '8d639bbef417c9e0be98a79450cfed3e') in 0.006272 seconds
  Import took 0.010266 seconds .

AssetImportWorkerClient::OnTransportError - code=2 error=End of file
